<?xml version="1.0" encoding="UTF-8"?>
<!-- Generated by org.testng.reporters.JUnitXMLReporter -->
<testsuite hostname="DESKTOP-KF2RS56" ignored="0" name="Test" tests="8" failures="2" timestamp="2021-06-20T20:05:02 IST" time="53.964" errors="0">
  <testcase name="guru99HomePage" time="7.533" classname="MyTest.Guru99Demo1"/>
  <testcase name="guru99HomePage" time="0.031" classname="MyTest.Guru99Demo1">
    <skipped/>
  </testcase> <!-- guru99HomePage -->
  <testcase name="guru99HomePage" time="0.013" classname="MyTest.Guru99Demo1">
    <skipped/>
  </testcase> <!-- guru99HomePage -->
  <testcase name="guru99HomePage" time="0.014" classname="MyTest.Guru99Demo1">
    <failure type="java.lang.AssertionError" message="expected [Home page] but found [Mobile]">
      <![CDATA[java.lang.AssertionError: expected [Home page] but found [Mobile]
at MyTest.Guru99Demo1.guru99HomePage(Guru99Demo1.java:30)
at java.util.ArrayList.forEach(ArrayList.java:1259)
... Removed 33 stack frames]]>
    </failure>
  </testcase> <!-- guru99HomePage -->
  <testcase name="guru99HomePage" time="0.03" classname="MyTest.Guru99Demo1">
    <skipped/>
  </testcase> <!-- guru99HomePage -->
  <testcase name="guru99HomePage" time="0.015" classname="MyTest.Guru99Demo1">
    <skipped/>
  </testcase> <!-- guru99HomePage -->
  <testcase name="guru99HomePage" time="0.012" classname="MyTest.Guru99Demo1">
    <failure type="java.lang.AssertionError" message="expected [Home page] but found [Mobile]">
      <![CDATA[java.lang.AssertionError: expected [Home page] but found [Mobile]
at MyTest.Guru99Demo1.guru99HomePage(Guru99Demo1.java:30)
at java.util.ArrayList.forEach(ArrayList.java:1259)
... Removed 33 stack frames]]>
    </failure>
  </testcase> <!-- guru99HomePage -->
  <testcase name="guru99MobilePage" time="6.131" classname="MyTest.Guru99Demo1"/>
</testsuite> <!-- Test -->
