<?xml version="1.0" encoding="UTF-8"?>
<!-- Generated by org.testng.reporters.JUnitXMLReporter -->
<testsuite hostname="DESKTOP-KF2RS56" ignored="0" name="Test" tests="8" failures="2" timestamp="2021-06-22T20:32:38 IST" time="35.989" errors="0">
  <testcase name="guru99HomePage" time="6.899" classname="MyTest.Guru99Demo1"/>
  <testcase name="guru99HomePage" time="0.045" classname="MyTest.Guru99Demo1">
    <skipped/>
  </testcase> <!-- guru99HomePage -->
  <testcase name="guru99HomePage" time="0.014" classname="MyTest.Guru99Demo1">
    <skipped/>
  </testcase> <!-- guru99HomePage -->
  <testcase name="guru99HomePage" time="0.021" classname="MyTest.Guru99Demo1">
    <failure type="java.lang.AssertionError" message="expected [Home page] but found [Mobile]">
      <![CDATA[java.lang.AssertionError: expected [Home page] but found [Mobile]
at MyTest.Guru99Demo1.guru99HomePage(Guru99Demo1.java:30)
at java.util.ArrayList.forEach(ArrayList.java:1259)
... Removed 37 stack frames]]>
    </failure>
  </testcase> <!-- guru99HomePage -->
  <testcase name="guru99HomePage" time="0.018" classname="MyTest.Guru99Demo1">
    <skipped/>
  </testcase> <!-- guru99HomePage -->
  <testcase name="guru99HomePage" time="0.036" classname="MyTest.Guru99Demo1">
    <skipped/>
  </testcase> <!-- guru99HomePage -->
  <testcase name="guru99HomePage" time="0.041" classname="MyTest.Guru99Demo1">
    <failure type="java.lang.AssertionError" message="expected [Home page] but found [Mobile]">
      <![CDATA[java.lang.AssertionError: expected [Home page] but found [Mobile]
at MyTest.Guru99Demo1.guru99HomePage(Guru99Demo1.java:30)
at java.util.ArrayList.forEach(ArrayList.java:1259)
... Removed 37 stack frames]]>
    </failure>
  </testcase> <!-- guru99HomePage -->
  <testcase name="guru99MobilePage" time="6.937" classname="MyTest.Guru99Demo1"/>
</testsuite> <!-- Test -->
