<?xml version="1.0" encoding="UTF-8"?>
<testsuite xmlns:xsi="http://www.w3.org/2001/XMLSchema-instance" xsi:noNamespaceSchemaLocation="https://maven.apache.org/surefire/maven-surefire-plugin/xsd/surefire-test-report-3.0.xsd" version="3.0" name="TestSuite" time="38.361" tests="8" errors="0" skipped="4" failures="2">
  <properties>
[...]
</properties>
  <testcase name="guru99HomePage[vgudatal@gmail.com, 123456.0](1)" classname="MyTest.Guru99Demo1" time="8.019">
    <system-out><![CDATA[vgudatal@gmail.com
123456.0
k.gudatal@gmail.com
974025.0
raja.gudatal@gmail.com
849507.0
[[Ljava.lang.Object;@203dd56b, [Ljava.lang.Object;@e8fadb0, [Ljava.lang.Object;@6d64b553]
Test getting started from Listener
 INFO [main] (Guru99Demo1.java:29)- Landed to Home Page
vgudatal@gmail.com : 123456.0
guru99HomePage : Test got Success from Listener
]]></system-out>
    <system-err><![CDATA[SLF4J: Failed to load class "org.slf4j.impl.StaticLoggerBinder".
SLF4J: Defaulting to no-operation (NOP) logger implementation
SLF4J: See http://www.slf4j.org/codes.html#StaticLoggerBinder for further details.
Starting ChromeDriver 91.0.4472.101 (af52a90bf87030dd1523486a1cd3ae25c5d76c9b-refs/branch-heads/4472@{#1462}) on port 4241
Only local connections are allowed.
Please see https://chromedriver.chromium.org/security-considerations for suggestions on keeping ChromeDriver safe.
ChromeDriver was started successfully.
Jun 22, 2021 8:32:12 PM org.openqa.selenium.remote.ProtocolHandshake createSession
INFO: Detected dialect: W3C
Cleaning up unclosed ZipFile for archive C:\Users\kiran\eclipse-workspace\MyMavenProject3\src\test\java\com\testData\LoginCredentials.xlsx
]]></system-err>
  </testcase>
  <testcase name="guru99HomePage[k.gudatal@gmail.com, 974025.0](2)" classname="MyTest.Guru99Demo1" time="0">
    <skipped message="expected [Home page] but found [Mobile]"/>
    <system-out><![CDATA[Test getting started from Listener
 INFO [main] (Guru99Demo1.java:29)- Landed to Home Page
guru99HomePage : Test got Skipped from Listener
]]></system-out>
  </testcase>
  <testcase name="guru99HomePage[k.gudatal@gmail.com, 974025.0](3)" classname="MyTest.Guru99Demo1" time="0">
    <skipped message="expected [Home page] but found [Mobile]"/>
    <system-out><![CDATA[vgudatal@gmail.com
123456.0
k.gudatal@gmail.com
974025.0
raja.gudatal@gmail.com
849507.0
[[Ljava.lang.Object;@6ed06f69, [Ljava.lang.Object;@3015db78, [Ljava.lang.Object;@515ebef3]
Test getting started from Listener
 INFO [main] (Guru99Demo1.java:29)- Landed to Home Page
guru99HomePage : Test got Skipped from Listener
]]></system-out>
  </testcase>
  <testcase name="guru99HomePage[k.gudatal@gmail.com, 974025.0](4)" classname="MyTest.Guru99Demo1" time="0.104">
    <failure message="expected [Home page] but found [Mobile]" type="java.lang.AssertionError"><![CDATA[java.lang.AssertionError: expected [Home page] but found [Mobile]
	at MyTest.Guru99Demo1.guru99HomePage(Guru99Demo1.java:30)
]]></failure>
    <system-out><![CDATA[vgudatal@gmail.com
123456.0
k.gudatal@gmail.com
974025.0
raja.gudatal@gmail.com
849507.0
[[Ljava.lang.Object;@746cd757, [Ljava.lang.Object;@ae372b9, [Ljava.lang.Object;@2098d37d]
Test getting started from Listener
 INFO [main] (Guru99Demo1.java:29)- Landed to Home Page
guru99HomePage : Test got failed from Listener
]]></system-out>
  </testcase>
  <testcase name="guru99HomePage[raja.gudatal@gmail.com, 849507.0](5)" classname="MyTest.Guru99Demo1" time="0">
    <skipped message="expected [Home page] but found [Mobile]"/>
    <system-out><![CDATA[Test getting started from Listener
 INFO [main] (Guru99Demo1.java:29)- Landed to Home Page
guru99HomePage : Test got Skipped from Listener
]]></system-out>
  </testcase>
  <testcase name="guru99HomePage[raja.gudatal@gmail.com, 849507.0](6)" classname="MyTest.Guru99Demo1" time="0">
    <skipped message="expected [Home page] but found [Mobile]"/>
    <system-out><![CDATA[vgudatal@gmail.com
123456.0
k.gudatal@gmail.com
974025.0
raja.gudatal@gmail.com
849507.0
[[Ljava.lang.Object;@336365bc, [Ljava.lang.Object;@38eb2fb0, [Ljava.lang.Object;@4567e53d]
Test getting started from Listener
 INFO [main] (Guru99Demo1.java:29)- Landed to Home Page
guru99HomePage : Test got Skipped from Listener
]]></system-out>
  </testcase>
  <testcase name="guru99HomePage[raja.gudatal@gmail.com, 849507.0](7)" classname="MyTest.Guru99Demo1" time="0.01">
    <failure message="expected [Home page] but found [Mobile]" type="java.lang.AssertionError"><![CDATA[java.lang.AssertionError: expected [Home page] but found [Mobile]
	at MyTest.Guru99Demo1.guru99HomePage(Guru99Demo1.java:30)
]]></failure>
    <system-out><![CDATA[vgudatal@gmail.com
123456.0
k.gudatal@gmail.com
974025.0
raja.gudatal@gmail.com
849507.0
[[Ljava.lang.Object;@3c0fbd3a, [Ljava.lang.Object;@562457e1, [Ljava.lang.Object;@54562ea6]
Test getting started from Listener
 INFO [main] (Guru99Demo1.java:29)- Landed to Home Page
guru99HomePage : Test got failed from Listener
]]></system-out>
  </testcase>
  <testcase name="guru99MobilePage" classname="MyTest.Guru99Demo1" time="6.921">
    <system-out><![CDATA[Test getting started from Listener
guru99MobilePage : Test got Success from Listener
]]></system-out>
  </testcase>
</testsuite>